# JRE version: Java(TM) SE Runtime Environment (8.0_51-b16) (build 1.8.0_51-b16)
# Java VM: Java HotSpot(TM) 64-Bit Server VM (25.51-b03 mixed mode bsd-amd64 compressed oops)
Heap:
 PSYoungGen      total 43008K, used 2956K [0x0000000795580000, 0x0000000798b00000, 0x00000007c0000000)
  eden space 32256K, 2% used [0x0000000795580000,0x000000079566b1f0,0x0000000797500000)
  from space 10752K, 18% used [0x0000000798080000,0x0000000798278000,0x0000000798b00000)
  to   space 11264K, 0% used [0x0000000797500000,0x0000000797500000,0x0000000798000000)
 ParOldGen       total 87552K, used 70201K [0x0000000740000000, 0x0000000745580000, 0x0000000795580000)
  object space 87552K, 80% used [0x0000000740000000,0x000000074448e4c8,0x0000000745580000)
 Metaspace       used 10109K, capacity 10269K, committed 10368K, reserved 1058816K
  class space    used 1028K, capacity 1085K, committed 1152K, reserved 1048576K
GC Heap History (10 events):
Event: 3.104 GC heap before
{Heap before GC invocations=2 (full 0):
 PSYoungGen      total 38400K, used 37394K [0x0000000795580000, 0x0000000798000000, 0x00000007c0000000)
  eden space 33280K, 97% used [0x0000000795580000,0x000000079750c8f8,0x0000000797600000)
  from space 5120K, 99% used [0x0000000797600000,0x0000000797af8050,0x0000000797b00000)
  to   space 5120K, 0% used [0x0000000797b00000,0x0000000797b00000,0x0000000798000000)
 ParOldGen       total 87552K, used 6185K [0x0000000740000000, 0x0000000745580000, 0x0000000795580000)
  object space 87552K, 7% used [0x0000000740000000,0x000000074060a7e8,0x0000000745580000)
 Metaspace       used 9709K, capacity 9885K, committed 10112K, reserved 1058816K
  class space    used 1016K, capacity 1085K, committed 1152K, reserved 1048576K
Event: 3.110 GC heap after
Heap after GC invocations=2 (full 0):
 PSYoungGen      total 38400K, used 4943K [0x0000000795580000, 0x0000000798000000, 0x00000007c0000000)
  eden space 33280K, 0% used [0x0000000795580000,0x0000000795580000,0x0000000797600000)
  from space 5120K, 96% used [0x0000000797b00000,0x0000000797fd3f38,0x0000000798000000)
  to   space 5120K, 0% used [0x0000000797600000,0x0000000797600000,0x0000000797b00000)
 ParOldGen       total 87552K, used 6193K [0x0000000740000000, 0x0000000745580000, 0x0000000795580000)
  object space 87552K, 7% used [0x0000000740000000,0x000000074060c7e8,0x0000000745580000)
 Metaspace       used 9709K, capacity 9885K, committed 10112K, reserved 1058816K
  class space    used 1016K, capacity 1085K, committed 1152K, reserved 1048576K
}
Event: 7.044 GC heap before
{Heap before GC invocations=3 (full 0):
 PSYoungGen      total 38400K, used 38045K [0x0000000795580000, 0x0000000798000000, 0x00000007c0000000)
  eden space 33280K, 99% used [0x0000000795580000,0x00000007975d37e0,0x0000000797600000)
  from space 5120K, 96% used [0x0000000797b00000,0x0000000797fd3f38,0x0000000798000000)
  to   space 5120K, 0% used [0x0000000797600000,0x0000000797600000,0x0000000797b00000)
 ParOldGen       total 87552K, used 69985K [0x0000000740000000, 0x0000000745580000, 0x0000000795580000)
  object space 87552K, 79% used [0x0000000740000000,0x00000007444584c8,0x0000000745580000)
 Metaspace       used 9760K, capacity 9949K, committed 10112K, reserved 1058816K
  class space    used 1017K, capacity 1085K, committed 1152K, reserved 1048576K
Event: 7.048 GC heap after
Heap after GC invocations=3 (full 0):
 PSYoungGen      total 38400K, used 3815K [0x0000000795580000, 0x0000000798000000, 0x00000007c0000000)
  eden space 33280K, 0% used [0x0000000795580000,0x0000000795580000,0x0000000797600000)
  from space 5120K, 74% used [0x0000000797600000,0x00000007979b9f68,0x0000000797b00000)
  to   space 5120K, 0% used [0x0000000797b00000,0x0000000797b00000,0x0000000798000000)
 ParOldGen       total 87552K, used 69993K [0x0000000740000000, 0x0000000745580000, 0x0000000795580000)
  object space 87552K, 79% used [0x0000000740000000,0x000000074445a4c8,0x0000000745580000)
 Metaspace       used 9760K, capacity 9949K, committed 10112K, reserved 1058816K
  class space    used 1017K, capacity 1085K, committed 1152K, reserved 1048576K
}
Event: 27.467 GC heap before
{Heap before GC invocations=4 (full 0):
 PSYoungGen      total 38400K, used 37095K [0x0000000795580000, 0x0000000798000000, 0x00000007c0000000)
  eden space 33280K, 100% used [0x0000000795580000,0x0000000797600000,0x0000000797600000)
  from space 5120K, 74% used [0x0000000797600000,0x00000007979b9f68,0x0000000797b00000)
  to   space 5120K, 0% used [0x0000000797b00000,0x0000000797b00000,0x0000000798000000)
 ParOldGen       total 87552K, used 69993K [0x0000000740000000, 0x0000000745580000, 0x0000000795580000)
  object space 87552K, 79% used [0x0000000740000000,0x000000074445a4c8,0x0000000745580000)
 Metaspace       used 10063K, capacity 10205K, committed 10368K, reserved 1058816K
  class space    used 1028K, capacity 1085K, committed 1152K, reserved 1048576K
Event: 27.471 GC heap after
Heap after GC invocations=4 (full 0):
 PSYoungGen      total 38400K, used 3280K [0x0000000795580000, 0x0000000798000000, 0x00000007c0000000)
  eden space 33280K, 0% used [0x0000000795580000,0x0000000795580000,0x0000000797600000)
  from space 5120K, 64% used [0x0000000797b00000,0x0000000797e34020,0x0000000798000000)
  to   space 5120K, 0% used [0x0000000797600000,0x0000000797600000,0x0000000797b00000)
 ParOldGen       total 87552K, used 70001K [0x0000000740000000, 0x0000000745580000, 0x0000000795580000)
  object space 87552K, 79% used [0x0000000740000000,0x000000074445c4c8,0x0000000745580000)
 Metaspace       used 10063K, capacity 10205K, committed 10368K, reserved 1058816K
  class space    used 1028K, capacity 1085K, committed 1152K, reserved 1048576K
}
Event: 36.082 GC heap before
{Heap before GC invocations=5 (full 0):
 PSYoungGen      total 38400K, used 36560K [0x0000000795580000, 0x0000000798000000, 0x00000007c0000000)
  eden space 33280K, 100% used [0x0000000795580000,0x0000000797600000,0x0000000797600000)
  from space 5120K, 64% used [0x0000000797b00000,0x0000000797e34020,0x0000000798000000)
  to   space 5120K, 0% used [0x0000000797600000,0x0000000797600000,0x0000000797b00000)
 ParOldGen       total 87552K, used 70001K [0x0000000740000000, 0x0000000745580000, 0x0000000795580000)
  object space 87552K, 79% used [0x0000000740000000,0x000000074445c4c8,0x0000000745580000)
 Metaspace       used 10092K, capacity 10205K, committed 10368K, reserved 1058816K
  class space    used 1028K, capacity 1085K, committed 1152K, reserved 1048576K
Event: 36.087 GC heap after
Heap after GC invocations=5 (full 0):
 PSYoungGen      total 37888K, used 5088K [0x0000000795580000, 0x0000000798b80000, 0x00000007c0000000)
  eden space 32768K, 0% used [0x0000000795580000,0x0000000795580000,0x0000000797580000)
  from space 5120K, 99% used [0x0000000797600000,0x0000000797af8030,0x0000000797b00000)
  to   space 11264K, 0% used [0x0000000798080000,0x0000000798080000,0x0000000798b80000)
 ParOldGen       total 87552K, used 70193K [0x0000000740000000, 0x0000000745580000, 0x0000000795580000)
  object space 87552K, 80% used [0x0000000740000000,0x000000074448c4c8,0x0000000745580000)
 Metaspace       used 10092K, capacity 10205K, committed 10368K, reserved 1058816K
  class space    used 1028K, capacity 1085K, committed 1152K, reserved 1048576K
}
Event: 37.235 GC heap before
{Heap before GC invocations=6 (full 0):
 PSYoungGen      total 37888K, used 37856K [0x0000000795580000, 0x0000000798b80000, 0x00000007c0000000)
  eden space 32768K, 100% used [0x0000000795580000,0x0000000797580000,0x0000000797580000)
  from space 5120K, 99% used [0x0000000797600000,0x0000000797af8030,0x0000000797b00000)
  to   space 11264K, 0% used [0x0000000798080000,0x0000000798080000,0x0000000798b80000)
 ParOldGen       total 87552K, used 70193K [0x0000000740000000, 0x0000000745580000, 0x0000000795580000)
  object space 87552K, 80% used [0x0000000740000000,0x000000074448c4c8,0x0000000745580000)
 Metaspace       used 10098K, capacity 10205K, committed 10368K, reserved 1058816K
  class space    used 1028K, capacity 1085K, committed 1152K, reserved 1048576K
Event: 37.240 GC heap after
Heap after GC invocations=6 (full 0):
 PSYoungGen      total 43008K, used 2016K [0x0000000795580000, 0x0000000798b00000, 0x00000007c0000000)
  eden space 32256K, 0% used [0x0000000795580000,0x0000000795580000,0x0000000797500000)
  from space 10752K, 18% used [0x0000000798080000,0x0000000798278000,0x0000000798b00000)
  to   space 11264K, 0% used [0x0000000797500000,0x0000000797500000,0x0000000798000000)
 ParOldGen       total 87552K, used 70201K [0x0000000740000000, 0x0000000745580000, 0x0000000795580000)
  object space 87552K, 80% used [0x0000000740000000,0x000000074448e4c8,0x0000000745580000)
 Metaspace       used 10098K, capacity 10205K, committed 10368K, reserved 1058816K
  class space    used 1028K, capacity 1085K, committed 1152K, reserved 1048576K
}

